<?xml version="1.0" encoding="UTF-8"?>
<!-- Generated by org.testng.reporters.JUnitReportReporter -->
<testsuite skipped="0" hostname="DESKTOP-91NVD48" name="pages.main" tests="1" failures="0" timestamp="2020-04-15T11:43:06 IST" time="130.611" errors="0">
  <testcase name="mainMethod" time="130.611" classname="pages.main"/>
</testsuite> <!-- pages.main -->
