<?xml version="1.0" encoding="UTF-8"?>
<!-- Generated by org.testng.reporters.JUnitReportReporter -->
<testsuite skipped="0" hostname="DESKTOP-91NVD48" name="maven.browser" tests="1" failures="0" timestamp="2020-04-12T11:13:51 IST" time="98.321" errors="0">
  <testcase name="beforeMethod" time="98.321" classname="maven.browser"/>
</testsuite> <!-- maven.browser -->
